<?xml version="1.0" encoding="UTF-8"?>
<!-- Generated by org.testng.reporters.JUnitReportReporter -->
<testsuite hostname="DESKTOP-4QSRLLR" failures="0" tests="1" name="WebThrucare.COM.TestCases.Tc_01_Patient_RegistrationDone" time="485.564" errors="0" timestamp="2024-01-28T17:36:10 IST" skipped="0">
  <testcase classname="WebThrucare.COM.TestCases.Tc_01_Patient_RegistrationDone" name="RegistrationDone_Valid_Credentials" time="485.564"/>
</testsuite> <!-- WebThrucare.COM.TestCases.Tc_01_Patient_RegistrationDone -->
