<?xml version="1.0" encoding="UTF-8"?>
<!-- Generated by org.testng.reporters.JUnitReportReporter -->
<testsuite hostname="DESKTOP-4QSRLLR" failures="0" tests="1" name="OrangeHRM.COM.TestCases.Tc_02_Login_WhenUserClickOn_SignIn_SignUp_button" time="59.295" errors="0" timestamp="2024-01-27T16:48:08 IST" skipped="0">
  <testcase classname="OrangeHRM.COM.TestCases.Tc_02_Login_WhenUserClickOn_SignIn_SignUp_button" name="patientLogin_clickOnSignIn_SignUpButton" time="59.295"/>
</testsuite> <!-- OrangeHRM.COM.TestCases.Tc_02_Login_WhenUserClickOn_SignIn_SignUp_button -->
