<?xml version="1.0" encoding="UTF-8"?>
<!-- Generated by org.testng.reporters.JUnitReportReporter -->
<testsuite hostname="DESKTOP-4QSRLLR" failures="0" tests="1" name="WebThrucare.COM.TestCases.Tc_01_Registration_whenUserClickOn_signIn_SignUp_Button" time="145.671" errors="0" timestamp="2024-01-27T18:04:40 IST" skipped="0">
  <testcase classname="WebThrucare.COM.TestCases.Tc_01_Registration_whenUserClickOn_signIn_SignUp_Button" name="RegiStrationDone_ResendOtp" time="145.671"/>
</testsuite> <!-- WebThrucare.COM.TestCases.Tc_01_Registration_whenUserClickOn_signIn_SignUp_Button -->
