<?xml version="1.0" encoding="UTF-8"?>
<!-- Generated by org.testng.reporters.JUnitReportReporter -->
<testsuite hostname="DESKTOP-4QSRLLR" failures="0" tests="1" name="OrangeHRM.COM.TestCases.Tc_01_Logic" time="139.767" errors="0" timestamp="2024-01-19T11:56:55 IST" skipped="0">
  <testcase classname="OrangeHRM.COM.TestCases.Tc_01_Logic" name="PatientRegistration_WhenUserClickOn_SignIn_SignUp" time="139.767"/>
</testsuite> <!-- OrangeHRM.COM.TestCases.Tc_01_Logic -->
